WARNING: A restricted method in java.lang.System has been called
WARNING: java.lang.System::load has been called by net.rubygrapefruit.platform.internal.NativeLibraryLoader in an unnamed module (file:/C:/Users/28692/.gradle/wrapper/dists/gradle-9.0-milestone-1-bin/3vdepk4s12bybhohyuvjcm1bd/gradle-9.0-milestone-1/lib/native-platform-0.22-milestone-28.jar)
WARNING: Use --enable-native-access=ALL-UNNAMED to avoid a warning for callers in this module
WARNING: Restricted methods will be blocked in a future release unless native access is enabled

> Task :app:preBuild UP-TO-DATE
> Task :app:preDebugBuild UP-TO-DATE
> Task :app:generateDebugBuildConfig UP-TO-DATE
> Task :app:javaPreCompileDebug UP-TO-DATE
> Task :app:checkDebugAarMetadata UP-TO-DATE
> Task :app:processDebugNavigationResources UP-TO-DATE
> Task :app:compileDebugNavigationResources UP-TO-DATE
> Task :app:generateDebugResValues UP-TO-DATE
> Task :app:mapDebugSourceSetPaths UP-TO-DATE
> Task :app:generateDebugResources UP-TO-DATE
> Task :app:mergeDebugResources UP-TO-DATE
> Task :app:packageDebugResources UP-TO-DATE
> Task :app:parseDebugLocalResources UP-TO-DATE
> Task :app:createDebugCompatibleScreenManifests UP-TO-DATE
> Task :app:extractDeepLinksDebug UP-TO-DATE
> Task :app:processDebugMainManifest UP-TO-DATE
> Task :app:processDebugManifest UP-TO-DATE
> Task :app:processDebugManifestForPackage UP-TO-DATE
> Task :app:processDebugResources UP-TO-DATE

> Task :app:compileDebugJavaWithJavac FAILED
C:\Users\28692\Desktop\miniapp\app\src\main\java\com\example\pocketledger\LedgerFragment.java:164: 错误: 找不到符号
            TextView tvPercent = statView.findViewById(R.id.tvStatPercent);
                                                           ^
  符号:   变量 tvStatPercent
  位置: 类 id
C:\Users\28692\Desktop\miniapp\app\src\main\java\com\example\pocketledger\LedgerFragment.java:165: 错误: 找不到符号
            View colorDot = statView.findViewById(R.id.colorDot);
                                                      ^
  符号:   变量 colorDot
  位置: 类 id
C:\Users\28692\Desktop\miniapp\app\src\main\java\com\example\pocketledger\LedgerFragment.java:178: 错误: 找不到符号
                .inflate(R.layout.dialog_set_budget, null);
                                 ^
  符号:   变量 dialog_set_budget
  位置: 类 layout
C:\Users\28692\Desktop\miniapp\app\src\main\java\com\example\pocketledger\LedgerFragment.java:179: 错误: 找不到符号
        TextInputEditText etBudget = dialogView.findViewById(R.id.etBudget);
                                                                 ^
  符号:   变量 etBudget
  位置: 类 id
注: 某些输入文件使用或覆盖了已过时的 API。
注: 有关详细信息, 请使用 -Xlint:deprecation 重新编译。
4 个错误

[Incubating] Problems report is available at: file:///C:/Users/28692/Desktop/miniapp/build/reports/problems/problems-report.html

FAILURE: Build failed with an exception.

* What went wrong:
Execution failed for task ':app:compileDebugJavaWithJavac'.
> Compilation failed; see the compiler output below.
  注: 有关详细信息, 请使用 -Xlint:deprecation 重新编译。
  C:\Users\28692\Desktop\miniapp\app\src\main\java\com\example\pocketledger\LedgerFragment.java:164: 错误: 找不到符号
              TextView tvPercent = statView.findViewById(R.id.tvStatPercent);
                                                             ^
    符号:   变量 tvStatPercent
    位置: 类 id
  C:\Users\28692\Desktop\miniapp\app\src\main\java\com\example\pocketledger\LedgerFragment.java:165: 错误: 找不到符号
              View colorDot = statView.findViewById(R.id.colorDot);
                                                        ^
    符号:   变量 colorDot
    位置: 类 id
  C:\Users\28692\Desktop\miniapp\app\src\main\java\com\example\pocketledger\LedgerFragment.java:178: 错误: 找不到符号
                  .inflate(R.layout.dialog_set_budget, null);
                                   ^
    符号:   变量 dialog_set_budget
    位置: 类 layout
  C:\Users\28692\Desktop\miniapp\app\src\main\java\com\example\pocketledger\LedgerFragment.java:179: 错误: 找不到符号
          TextInputEditText etBudget = dialogView.findViewById(R.id.etBudget);
                                                                   ^
    符号:   变量 etBudget
    位置: 类 id
  注: 某些输入文件使用或覆盖了已过时的 API。
  4 个错误

* Try:
> Check your code and dependencies to fix the compilation error(s)
> Run with --scan to get full insights.

Deprecated Gradle features were used in this build, making it incompatible with Gradle 10.0.

You can use '--warning-mode all' to show the individual deprecation warnings and determine if they come from your own scripts or plugins.

For more on this, please refer to https://docs.gradle.org/9.0-milestone-1/userguide/command_line_interface.html#sec:command_line_warnings in the Gradle documentation.

BUILD FAILED in 1s
18 actionable tasks: 1 executed, 17 up-to-date
